#
# There is insufficient memory for the Java Runtime Environment to continue.
# Native memory allocation (mmap) failed to map 268435456 bytes for Failed to commit area from 0x0000000701c00000 to 0x0000000711c00000 of length 268435456.
# Possible reasons:
#   The system is out of physical RAM or swap space
#   The process is running with CompressedOops enabled, and the Java Heap may be blocking the growth of the native heap
# Possible solutions:
#   Reduce memory load on the system
#   Increase physical memory or swap space
#   Check if swap backing store is full
#   Decrease Java heap size (-Xmx/-Xms)
#   Decrease number of Java threads
#   Decrease Java thread stack sizes (-Xss)
#   Set larger code cache with -XX:ReservedCodeCacheSize=
# This output file may be truncated or incomplete.
#
#  Out of Memory Error (./src/hotspot/os/windows/os_windows.cpp:3301), pid=12860, tid=3428
#
# JRE version:  (11.0.10) (build )
# Java VM: OpenJDK 64-Bit Server VM (11.0.10+0-b96-7249189, mixed mode, sharing, tiered, compressed oops, g1 gc, windows-amd64)
# No core dump will be written. Minidumps are not enabled by default on client versions of Windows
#

---------------  S U M M A R Y ------------

Command Line: org.jetbrains.git4idea.http.GitAskPassApp Username for 'https://github.com': 

Host: Intel(R) Core(TM) i7-7700 CPU @ 3.60GHz, 8 cores, 15G,  Windows 10 , 64 bit Build 19041 (10.0.19041.928)
Time: Wed Dec  1 16:56:55 2021 台北標準時間 elapsed time: 0.009000 seconds (0d 0h 0m 0s)

---------------  T H R E A D  ---------------

Current thread (0x000001a410a89000):  JavaThread "Unknown thread" [_thread_in_vm, id=3428, stack(0x0000003291f00000,0x0000003292000000)]

Stack: [0x0000003291f00000,0x0000003292000000]
Native frames: (J=compiled Java code, j=interpreted, Vv=VM code, C=native code)
V  [jvm.dll+0x5ecfaa]
V  [jvm.dll+0x722bd5]
V  [jvm.dll+0x72412d]
V  [jvm.dll+0x7247e3]
V  [jvm.dll+0x242928]
V  [jvm.dll+0x5ea374]
V  [jvm.dll+0x5df425]
V  [jvm.dll+0x2fdebb]
V  [jvm.dll+0x2fde2a]
V  [jvm.dll+0x2fdd02]
V  [jvm.dll+0x302bf6]
V  [jvm.dll+0x34b2a3]
V  [jvm.dll+0x34b9a6]
V  [jvm.dll+0x34b3a3]
V  [jvm.dll+0x2d8888]
V  [jvm.dll+0x2d9a37]
V  [jvm.dll+0x701737]
V  [jvm.dll+0x702f2c]
V  [jvm.dll+0x3587d9]
V  [jvm.dll+0x6e4fae]
V  [jvm.dll+0x3c0be3]
V  [jvm.dll+0x3c2e91]
C  [jli.dll+0x5373]
C  [ucrtbase.dll+0x21bb2]
C  [KERNEL32.DLL+0x17034]
C  [ntdll.dll+0x52651]


---------------  P R O C E S S  ---------------

Threads class SMR info:
_java_thread_list=0x000001a40f1effd0, length=0, elements={
}

Java Threads: ( => current thread )

Other Threads:
  0x000001a410a9f800 GCTaskThread "GC Thread#0" [stack: 0x0000003292000000,0x0000003292100000] [id=9740]
  0x000001a410afc800 ConcurrentGCThread "G1 Main Marker" [stack: 0x0000003292100000,0x0000003292200000] [id=6732]
  0x000001a410b00000 ConcurrentGCThread "G1 Conc#0" [stack: 0x0000003292200000,0x0000003292300000] [id=13132]

[error occurred during error reporting (printing all threads), id 0xc0000005, EXCEPTION_ACCESS_VIOLATION (0xc0000005) at pc=0x00007ffe089f9107]

VM state:not at safepoint (not fully initialized)

VM Mutex/Monitor currently owned by a thread:  ([mutex/lock_event])
[0x000001a410a84f00] Heap_lock - owner thread: 0x000001a410a89000

Heap address: 0x0000000701c00000, size: 4068 MB, Compressed Oops mode: Non-zero based: 0x0000000701c00000
Narrow klass base: 0x0000000000000000, Narrow klass shift: 0

GC Heap History (0 events):
No events

Deoptimization events (0 events):
No events

Classes redefined (0 events):
No events

Internal exceptions (0 events):
No events

Events (1 events):
Event: 0.006 Loaded shared library D:\Android\android-studio\jre\bin\zip.dll


Dynamic libraries:
0x00007ff7f9ad0000 - 0x00007ff7f9ada000 	D:\Android\android-studio\jre\bin\java.exe
0x00007ffe5a9f0000 - 0x00007ffe5abe5000 	C:\WINDOWS\SYSTEM32\ntdll.dll
0x00007ffe59590000 - 0x00007ffe5964d000 	C:\WINDOWS\System32\KERNEL32.DLL
0x00007ffe584d0000 - 0x00007ffe58798000 	C:\WINDOWS\System32\KERNELBASE.dll
0x00007ffe58130000 - 0x00007ffe58230000 	C:\WINDOWS\System32\ucrtbase.dll
0x00007ffe50e50000 - 0x00007ffe50e69000 	D:\Android\android-studio\jre\bin\jli.dll
0x00007ffe50e30000 - 0x00007ffe50e47000 	D:\Android\android-studio\jre\bin\VCRUNTIME140.dll
0x00007ffe59160000 - 0x00007ffe59300000 	C:\WINDOWS\System32\USER32.dll
0x00007ffe440a0000 - 0x00007ffe4433a000 	C:\WINDOWS\WinSxS\amd64_microsoft.windows.common-controls_6595b64144ccf1df_6.0.19041.844_none_ca00b6081b84eb1d\COMCTL32.dll
0x00007ffe58230000 - 0x00007ffe58252000 	C:\WINDOWS\System32\win32u.dll
0x00007ffe59da0000 - 0x00007ffe59e3e000 	C:\WINDOWS\System32\msvcrt.dll
0x00007ffe5a740000 - 0x00007ffe5a76a000 	C:\WINDOWS\System32\GDI32.dll
0x00007ffe58260000 - 0x00007ffe5836b000 	C:\WINDOWS\System32\gdi32full.dll
0x00007ffe587a0000 - 0x00007ffe5883d000 	C:\WINDOWS\System32\msvcp_win.dll
0x00007ffe5a710000 - 0x00007ffe5a740000 	C:\WINDOWS\System32\IMM32.DLL
0x00007ffe179b0000 - 0x00007ffe17a4d000 	D:\Android\android-studio\jre\bin\msvcp140.dll
0x00007ffe08710000 - 0x00007ffe091df000 	D:\Android\android-studio\jre\bin\server\jvm.dll
0x00007ffe59e40000 - 0x00007ffe59eec000 	C:\WINDOWS\System32\ADVAPI32.dll
0x00007ffe59030000 - 0x00007ffe590cb000 	C:\WINDOWS\System32\sechost.dll
0x00007ffe5a880000 - 0x00007ffe5a9ab000 	C:\WINDOWS\System32\RPCRT4.dll
0x00007ffe59140000 - 0x00007ffe59148000 	C:\WINDOWS\System32\PSAPI.DLL
0x00007ffe4dc30000 - 0x00007ffe4dc57000 	C:\WINDOWS\SYSTEM32\WINMM.dll
0x00007ffe4a960000 - 0x00007ffe4a96a000 	C:\WINDOWS\SYSTEM32\VERSION.dll
0x00007ffe502e0000 - 0x00007ffe502e9000 	C:\WINDOWS\SYSTEM32\WSOCK32.dll
0x00007ffe59520000 - 0x00007ffe5958b000 	C:\WINDOWS\System32\WS2_32.dll
0x00007ffe56090000 - 0x00007ffe560a2000 	C:\WINDOWS\SYSTEM32\kernel.appcore.dll
0x00007ffe2e670000 - 0x00007ffe2e681000 	D:\Android\android-studio\jre\bin\verify.dll
0x00007ffe47240000 - 0x00007ffe47424000 	C:\WINDOWS\SYSTEM32\DBGHELP.DLL
0x00007ffe44720000 - 0x00007ffe4474c000 	C:\WINDOWS\SYSTEM32\dbgcore.DLL
0x00007ffe58840000 - 0x00007ffe588c0000 	C:\WINDOWS\System32\bcryptPrimitives.dll
0x00007ffe2e640000 - 0x00007ffe2e669000 	D:\Android\android-studio\jre\bin\java.dll
0x00007ffe423a0000 - 0x00007ffe423ab000 	D:\Android\android-studio\jre\bin\jimage.dll
0x00007ffe2cc00000 - 0x00007ffe2cc18000 	D:\Android\android-studio\jre\bin\zip.dll

dbghelp: loaded successfully - version: 4.0.5 - missing functions: none
symbol engine: initialized successfully - sym options: 0x614 - pdb path: .;D:\Android\android-studio\jre\bin;C:\WINDOWS\SYSTEM32;C:\WINDOWS\WinSxS\amd64_microsoft.windows.common-controls_6595b64144ccf1df_6.0.19041.844_none_ca00b6081b84eb1d;D:\Android\android-studio\jre\bin\server

VM Arguments:
java_command: org.jetbrains.git4idea.http.GitAskPassApp Username for 'https://github.com': 
java_class_path (initial): D:/Android/android-studio/plugins/git4idea/lib/git4idea-rt.jar;D:/Android/android-studio/lib/xmlrpc-2.0.1.jar;D:/Android/android-studio/lib/commons-codec-1.14.jar
Launcher Type: SUN_STANDARD

[Global flags]
     intx CICompilerCount                          = 4                                         {product} {ergonomic}
     uint ConcGCThreads                            = 2                                         {product} {ergonomic}
     uint G1ConcRefinementThreads                  = 8                                         {product} {ergonomic}
   size_t G1HeapRegionSize                         = 1048576                                   {product} {ergonomic}
    uintx GCDrainStackTargetSize                   = 64                                        {product} {ergonomic}
   size_t InitialHeapSize                          = 268435456                                 {product} {ergonomic}
   size_t MarkStackSize                            = 4194304                                   {product} {ergonomic}
   size_t MaxHeapSize                              = 4265607168                                {product} {ergonomic}
   size_t MinHeapDeltaBytes                        = 1048576                                   {product} {ergonomic}
    uintx NonNMethodCodeHeapSize                   = 5836300                                {pd product} {ergonomic}
    uintx NonProfiledCodeHeapSize                  = 122910970                              {pd product} {ergonomic}
    uintx ProfiledCodeHeapSize                     = 122910970                              {pd product} {ergonomic}
    uintx ReservedCodeCacheSize                    = 251658240                              {pd product} {ergonomic}
     bool SegmentedCodeCache                       = true                                      {product} {ergonomic}
     bool UseCompressedClassPointers               = true                                 {lp64_product} {ergonomic}
     bool UseCompressedOops                        = true                                 {lp64_product} {ergonomic}
     bool UseG1GC                                  = true                                      {product} {ergonomic}
     bool UseLargePagesIndividualAllocation        = false                                  {pd product} {ergonomic}

Logging:
Log output configuration:
 #0: stdout all=warning uptime,level,tags
 #1: stderr all=off uptime,level,tags

Environment Variables:
PATH=C:/Program Files/Git/mingw64/libexec/git-core;C:/Program Files/Git/mingw64/libexec/git-core;C:\Program Files\Git\mingw64\bin;C:\Program Files\Git\usr\bin;C:\Users\user\bin;C:\Program Files (x86)\Common Files\Oracle\Java\javapath;C:\Program Files (x86)\Intel\Intel(R) Management Engine Components\iCLS\;C:\Program Files\Intel\Intel(R) Management Engine Components\iCLS\;C:\ProgramData\Oracle\Java\javapath;C:\WINDOWS\system32;C:\WINDOWS;C:\WINDOWS\System32\Wbem;C:\WINDOWS\System32\WindowsPowerShell\v1.0\;C:\Program Files (x86)\Intel\Intel(R) Management Engine Components\DAL;C:\Program Files\Intel\Intel(R) Management Engine Components\DAL;C:\Program Files (x86)\Intel\Intel(R) Management Engine Components\IPT;C:\Program Files\Intel\Intel(R) Management Engine Components\IPT;C:\WINDOWS\System32\OpenSSH\;C:\Program Files\Java\jdk1.8.0_191\bin;C:\Program Files\PuTTY\;C:\Program Files\Git\cmd;C:\Users\user\AppData\Local\Microsoft\WindowsApps;C:\Users\user\AppData\Local\GitHubDesktop\bin
USERNAME=user
DISPLAY=:0.0
LC_ALL=en_US.UTF-8
OS=Windows_NT
PROCESSOR_IDENTIFIER=Intel64 Family 6 Model 158 Stepping 9, GenuineIntel



---------------  S Y S T E M  ---------------

OS: Windows 10 , 64 bit Build 19041 (10.0.19041.928)
OS uptime: 0 days 7:17 hours

CPU:total 8 (initial active 8) (4 cores per cpu, 2 threads per core) family 6 model 158 stepping 9 microcode 0xb4, cmov, cx8, fxsr, mmx, sse, sse2, sse3, ssse3, sse4.1, sse4.2, popcnt, avx, avx2, aes, clmul, erms, rtm, 3dnowpref, lzcnt, ht, tsc, tscinvbit, bmi1, bmi2, adx, fma

Memory: 4k page, system-wide physical 16264M (1390M free)
TotalPageFile size 16264M (AvailPageFile size 106M)
current process WorkingSet (physical memory assigned to process): 10M, peak: 10M
current process commit charge ("private bytes"): 60M, peak: 316M

vm_info: OpenJDK 64-Bit Server VM (11.0.10+0-b96-7249189) for windows-amd64 JRE (11.0.10+0-b96-7249189), built on Mar 31 2021 21:44:00 by "builder" with MS VC++ 14.0 (VS2015)

END.
